<?xml version="1.0" encoding="UTF-8"?>
<!-- Generated by org.testng.reporters.JUnitReportReporter -->
<testsuite skipped="0" hostname="SONY-VAIO" name="com.selenium_maven.testng_group" tests="4" failures="0" timestamp="14 Feb 2019 19:08:36 GMT" time="0.033" errors="0">
  <testcase name="test1" time="0.030" classname="com.selenium_maven.testng_group"/>
  <testcase name="test2" time="0.000" classname="com.selenium_maven.testng_group"/>
  <testcase name="test3" time="0.001" classname="com.selenium_maven.testng_group"/>
  <testcase name="test4" time="0.002" classname="com.selenium_maven.testng_group"/>
</testsuite> <!-- com.selenium_maven.testng_group -->
