<?xml version="1.0" encoding="UTF-8"?>
<!-- Generated by org.testng.reporters.JUnitReportReporter -->
<testsuite skipped="0" hostname="SONY-VAIO" name="com.selenium_maven.testng_dependc" tests="2" failures="0" timestamp="14 Feb 2019 19:35:34 GMT" time="0.016" errors="0">
  <testcase name="test2" time="0.016" classname="com.selenium_maven.testng_dependc"/>
  <testcase name="test1" time="0.000" classname="com.selenium_maven.testng_dependc"/>
</testsuite> <!-- com.selenium_maven.testng_dependc -->
