<?xml version="1.0" encoding="UTF-8"?>
<!-- Generated by org.testng.reporters.JUnitReportReporter -->
<testsuite skipped="0" hostname="SONY-VAIO" name="com.selenium_maven.excel_dataprovider" tests="2" failures="0" timestamp="12 Feb 2019 20:44:53 GMT" time="8.121" errors="0">
  <testcase name="test1" time="2.577" classname="com.selenium_maven.excel_dataprovider"/>
  <testcase name="test1" time="5.544" classname="com.selenium_maven.excel_dataprovider"/>
</testsuite> <!-- com.selenium_maven.excel_dataprovider -->
