<?xml version="1.0" encoding="UTF-8"?>
<!-- Generated by org.testng.reporters.JUnitReportReporter -->
<testsuite skipped="0" hostname="SONY-VAIO" name="com.selenium_maven.testng_parameter" tests="1" failures="0" timestamp="14 Feb 2019 19:22:22 GMT" time="0.031" errors="0">
  <testcase name="test" time="0.031" classname="com.selenium_maven.testng_parameter"/>
</testsuite> <!-- com.selenium_maven.testng_parameter -->
