<?xml version="1.0" encoding="UTF-8"?>
<!-- Generated by org.testng.reporters.JUnitReportReporter -->
<testsuite skipped="1" hostname="SONY-VAIO" name="com.selenium_maven.testng_ignore" tests="2" failures="0" timestamp="14 Feb 2019 19:42:13 GMT" time="0.020" errors="0">
  <testcase name="test2" time="0.020" classname="com.selenium_maven.testng_ignore"/>
  <testcase name="test1" classname="com.selenium_maven.testng_ignore">
    <skipped/>
  </testcase> <!-- test1 -->
</testsuite> <!-- com.selenium_maven.testng_ignore -->
