<?xml version="1.0" encoding="UTF-8"?>
<!-- Generated by org.testng.reporters.JUnitReportReporter -->
<testsuite skipped="0" hostname="SONY-VAIO" name="com.selenium_maven.testng_listnerDemo" tests="3" failures="0" timestamp="15 Feb 2019 10:33:24 GMT" time="0.063" errors="0">
  <testcase name="test1" time="0.057" classname="com.selenium_maven.testng_listnerDemo"/>
  <testcase name="test2" time="0.004" classname="com.selenium_maven.testng_listnerDemo"/>
  <testcase name="test3" time="0.002" classname="com.selenium_maven.testng_listnerDemo"/>
</testsuite> <!-- com.selenium_maven.testng_listnerDemo -->
